[      35ms] [WARNING] cdn.tailwindcss.com should not be used in production. To use Tailwind CSS in production, install it as a PostCSS plugin or use the Tailwind CLI: https://tailwindcss.com/docs/installation @ https://cdn.tailwindcss.com/:63
[     267ms] [INFO] %cDownload the React DevTools for a better development experience: https://reactjs.org/link/react-devtools font-weight:bold @ http://localhost:5173/node_modules/.vite/deps/chunk-NUMECXU6.js?v=3afc9807:21550
[     345ms] [LOG] [MarketService] Fetching data for SPY from Backend... @ http://localhost:5173/services/marketDataService.ts:29
[     346ms] [LOG] [MarketService] Fetching data for AAPL from Backend... @ http://localhost:5173/services/marketDataService.ts:29
[     347ms] [LOG] [MarketService] Fetching data for SPY from Backend... @ http://localhost:5173/services/marketDataService.ts:29
[     348ms] [LOG] [MarketService] Fetching data for AAPL from Backend... @ http://localhost:5173/services/marketDataService.ts:29
[    1693ms] [LOG] [MarketService] Fetching data for NVDA from Backend... @ http://localhost:5173/services/marketDataService.ts:29
[    1709ms] [LOG] [MarketService] Fetching data for QQQ from Backend... @ http://localhost:5173/services/marketDataService.ts:29
[    2564ms] [LOG] [MarketService] Fetching data for QQQ from Backend... @ http://localhost:5173/services/marketDataService.ts:29
[    2641ms] [LOG] [MarketService] Fetching data for NVDA from Backend... @ http://localhost:5173/services/marketDataService.ts:29
[    3198ms] [LOG] [MarketService] Fetching data for DIA from Backend... @ http://localhost:5173/services/marketDataService.ts:29
[    4043ms] [LOG] [MarketService] Fetching data for DIA from Backend... @ http://localhost:5173/services/marketDataService.ts:29
[   32809ms] [LOG] [MarketService] Fetching data for TSLA from Backend... @ http://localhost:5173/services/marketDataService.ts:29
[ 4656519ms] [ERROR] Failed to load resource: the server responded with a status of 500 (Internal Server Error) @ http://localhost:5173/api/auth/heartbeat:0
[ 4713331ms] [ERROR] Failed to load resource: the server responded with a status of 500 (Internal Server Error) @ http://localhost:5173/api/auth/heartbeat:0
[ 4771770ms] [ERROR] Failed to load resource: the server responded with a status of 500 (Internal Server Error) @ http://localhost:5173/api/auth/heartbeat:0
[ 4828572ms] [ERROR] Failed to load resource: the server responded with a status of 500 (Internal Server Error) @ http://localhost:5173/api/auth/heartbeat:0
[ 4885443ms] [ERROR] Failed to load resource: the server responded with a status of 500 (Internal Server Error) @ http://localhost:5173/api/auth/heartbeat:0
[ 4942111ms] [ERROR] Failed to load resource: the server responded with a status of 500 (Internal Server Error) @ http://localhost:5173/api/auth/heartbeat:0
[ 4998942ms] [ERROR] Failed to load resource: the server responded with a status of 500 (Internal Server Error) @ http://localhost:5173/api/auth/heartbeat:0
[ 5055778ms] [ERROR] Failed to load resource: the server responded with a status of 500 (Internal Server Error) @ http://localhost:5173/api/auth/heartbeat:0
[ 5112534ms] [ERROR] Failed to load resource: the server responded with a status of 500 (Internal Server Error) @ http://localhost:5173/api/auth/heartbeat:0
[ 5214418ms] [ERROR] Failed to load resource: the server responded with a status of 500 (Internal Server Error) @ http://localhost:5173/api/auth/heartbeat:0
[ 5341894ms] [ERROR] Failed to load resource: the server responded with a status of 500 (Internal Server Error) @ http://localhost:5173/api/auth/heartbeat:0
[ 5398711ms] [ERROR] Failed to load resource: the server responded with a status of 500 (Internal Server Error) @ http://localhost:5173/api/auth/heartbeat:0
[ 5978829ms] [ERROR] Failed to load resource: the server responded with a status of 500 (Internal Server Error) @ http://localhost:5173/api/auth/heartbeat:0
[ 6035625ms] [ERROR] Failed to load resource: the server responded with a status of 500 (Internal Server Error) @ http://localhost:5173/api/auth/heartbeat:0
[ 6092520ms] [ERROR] Failed to load resource: the server responded with a status of 500 (Internal Server Error) @ http://localhost:5173/api/auth/heartbeat:0
