[    2952ms] [WARNING] cdn.tailwindcss.com should not be used in production. To use Tailwind CSS in production, install it as a PostCSS plugin or use the Tailwind CLI: https://tailwindcss.com/docs/installation @ https://cdn.tailwindcss.com/:63
[    3591ms] [INFO] %cDownload the React DevTools for a better development experience: https://reactjs.org/link/react-devtools font-weight:bold @ http://localhost:5173/node_modules/.vite/deps/chunk-NUMECXU6.js?v=3afc9807:21550
[    4214ms] [LOG] [MarketService] Fetching data for SPY from Backend... @ http://localhost:5173/services/marketDataService.ts:29
[    4221ms] [LOG] [MarketService] Fetching data for AAPL from Backend... @ http://localhost:5173/services/marketDataService.ts:29
[    4229ms] [LOG] [MarketService] Fetching data for SPY from Backend... @ http://localhost:5173/services/marketDataService.ts:29
[    4230ms] [LOG] [MarketService] Fetching data for AAPL from Backend... @ http://localhost:5173/services/marketDataService.ts:29
[    4354ms] [ERROR] Failed to load resource: the server responded with a status of 404 (Not Found) @ http://localhost:5173/favicon.ico:0
[    6175ms] [LOG] [MarketService] Fetching data for QQQ from Backend... @ http://localhost:5173/services/marketDataService.ts:29
[    6177ms] [LOG] [MarketService] Fetching data for NVDA from Backend... @ http://localhost:5173/services/marketDataService.ts:29
[    7634ms] [LOG] [MarketService] Fetching data for NVDA from Backend... @ http://localhost:5173/services/marketDataService.ts:29
[    7792ms] [LOG] [MarketService] Fetching data for QQQ from Backend... @ http://localhost:5173/services/marketDataService.ts:29
[    7814ms] [LOG] [MarketService] Fetching data for DIA from Backend... @ http://localhost:5173/services/marketDataService.ts:29
[    9689ms] [LOG] [MarketService] Fetching data for DIA from Backend... @ http://localhost:5173/services/marketDataService.ts:29
[  881902ms] [LOG] [MarketService] Fetching data for AAPL from Backend... @ http://localhost:5173/services/marketDataService.ts:29
[ 1039217ms] [LOG] [MarketService] Fetching data for AAPL from Backend... @ http://localhost:5173/services/marketDataService.ts:29
[ 1070390ms] [LOG] [MarketService] Fetching data for TSLA from Backend... @ http://localhost:5173/services/marketDataService.ts:29
[ 1119796ms] [LOG] [MarketService] Fetching data for NVDA from Backend... @ http://localhost:5173/services/marketDataService.ts:29
[ 1123033ms] [ERROR] Failed to load resource: the server responded with a status of 404 () @ https://generativelanguage.googleapis.com/v1beta/models/text-embedding-004:batchEmbedContents:0
[ 1123037ms] [ERROR] [RAG] Failed to generate embedding ApiError: {"error":{"code":404,"message":"models/text-embedding-004 is not found for API version v1beta, or is not supported for embedContent. Call ListModels to see the list of available models and their supported methods.","status":"NOT_FOUND"}}
    at throwErrorIfNotOK (http://localhost:5173/node_modules/.vite/deps/@google_genai.js?v=3afc9807:11848:24)
    at async http://localhost:5173/node_modules/.vite/deps/@google_genai.js?v=3afc9807:11567:7
    at async Models.embedContent (http://localhost:5173/node_modules/.vite/deps/@google_genai.js?v=3afc9807:12679:16)
    at async SimpleVectorStore.addDocument (http://localhost:5173/services/ragService.ts:35:24) @ http://localhost:5173/services/ragService.ts:51
[ 1123580ms] [ERROR] Failed to load resource: the server responded with a status of 404 () @ https://generativelanguage.googleapis.com/v1beta/models/text-embedding-004:batchEmbedContents:0
[ 1123580ms] [ERROR] Failed to load resource: the server responded with a status of 404 () @ https://generativelanguage.googleapis.com/v1beta/models/text-embedding-004:batchEmbedContents:0
[ 1123582ms] [ERROR] [RAG] Failed to generate embedding ApiError: {"error":{"code":404,"message":"models/text-embedding-004 is not found for API version v1beta, or is not supported for embedContent. Call ListModels to see the list of available models and their supported methods.","status":"NOT_FOUND"}}
    at throwErrorIfNotOK (http://localhost:5173/node_modules/.vite/deps/@google_genai.js?v=3afc9807:11848:24)
    at async http://localhost:5173/node_modules/.vite/deps/@google_genai.js?v=3afc9807:11567:7
    at async Models.embedContent (http://localhost:5173/node_modules/.vite/deps/@google_genai.js?v=3afc9807:12679:16)
    at async SimpleVectorStore.addDocument (http://localhost:5173/services/ragService.ts:35:24) @ http://localhost:5173/services/ragService.ts:51
[ 1123582ms] [ERROR] [RAG] Failed to generate embedding ApiError: {"error":{"code":404,"message":"models/text-embedding-004 is not found for API version v1beta, or is not supported for embedContent. Call ListModels to see the list of available models and their supported methods.","status":"NOT_FOUND"}}
    at throwErrorIfNotOK (http://localhost:5173/node_modules/.vite/deps/@google_genai.js?v=3afc9807:11848:24)
    at async http://localhost:5173/node_modules/.vite/deps/@google_genai.js?v=3afc9807:11567:7
    at async Models.embedContent (http://localhost:5173/node_modules/.vite/deps/@google_genai.js?v=3afc9807:12679:16)
    at async SimpleVectorStore.addDocument (http://localhost:5173/services/ragService.ts:35:24) @ http://localhost:5173/services/ragService.ts:51
[ 1123583ms] [ERROR] Failed to load resource: the server responded with a status of 404 () @ https://generativelanguage.googleapis.com/v1beta/models/text-embedding-004:batchEmbedContents:0
[ 1123584ms] [ERROR] [RAG] Failed to generate embedding ApiError: {"error":{"code":404,"message":"models/text-embedding-004 is not found for API version v1beta, or is not supported for embedContent. Call ListModels to see the list of available models and their supported methods.","status":"NOT_FOUND"}}
    at throwErrorIfNotOK (http://localhost:5173/node_modules/.vite/deps/@google_genai.js?v=3afc9807:11848:24)
    at async http://localhost:5173/node_modules/.vite/deps/@google_genai.js?v=3afc9807:11567:7
    at async Models.embedContent (http://localhost:5173/node_modules/.vite/deps/@google_genai.js?v=3afc9807:12679:16)
    at async SimpleVectorStore.addDocument (http://localhost:5173/services/ragService.ts:35:24) @ http://localhost:5173/services/ragService.ts:51
[ 1123586ms] [ERROR] Failed to load resource: the server responded with a status of 404 () @ https://generativelanguage.googleapis.com/v1beta/models/text-embedding-004:batchEmbedContents:0
[ 1123587ms] [ERROR] Failed to load resource: the server responded with a status of 404 () @ https://generativelanguage.googleapis.com/v1beta/models/text-embedding-004:batchEmbedContents:0
[ 1123588ms] [ERROR] [RAG] Failed to generate embedding ApiError: {"error":{"code":404,"message":"models/text-embedding-004 is not found for API version v1beta, or is not supported for embedContent. Call ListModels to see the list of available models and their supported methods.","status":"NOT_FOUND"}}
    at throwErrorIfNotOK (http://localhost:5173/node_modules/.vite/deps/@google_genai.js?v=3afc9807:11848:24)
    at async http://localhost:5173/node_modules/.vite/deps/@google_genai.js?v=3afc9807:11567:7
    at async Models.embedContent (http://localhost:5173/node_modules/.vite/deps/@google_genai.js?v=3afc9807:12679:16)
    at async SimpleVectorStore.addDocument (http://localhost:5173/services/ragService.ts:35:24) @ http://localhost:5173/services/ragService.ts:51
[ 1123588ms] [ERROR] [RAG] Failed to generate embedding ApiError: {"error":{"code":404,"message":"models/text-embedding-004 is not found for API version v1beta, or is not supported for embedContent. Call ListModels to see the list of available models and their supported methods.","status":"NOT_FOUND"}}
    at throwErrorIfNotOK (http://localhost:5173/node_modules/.vite/deps/@google_genai.js?v=3afc9807:11848:24)
    at async http://localhost:5173/node_modules/.vite/deps/@google_genai.js?v=3afc9807:11567:7
    at async Models.embedContent (http://localhost:5173/node_modules/.vite/deps/@google_genai.js?v=3afc9807:12679:16)
    at async SimpleVectorStore.addDocument (http://localhost:5173/services/ragService.ts:35:24) @ http://localhost:5173/services/ragService.ts:51
[ 2941885ms] [LOG] [MarketService] Fetching data for TSLA from Backend... @ http://localhost:5173/services/marketDataService.ts:29
